Determining if the pthread_create exist failed with the following output:
Change Dir: /home/joe/downloads/gtest-1.7.0/build/CMakeFiles/CMakeTmp

Run Build Command:/usr/bin/make "cmTryCompileExec2104685811/fast"
/usr/bin/make -f CMakeFiles/cmTryCompileExec2104685811.dir/build.make CMakeFiles/cmTryCompileExec2104685811.dir/build
make[1]: Entering directory '/home/joe/downloads/gtest-1.7.0/build/CMakeFiles/CMakeTmp'
/usr/bin/cmake -E cmake_progress_report /home/joe/downloads/gtest-1.7.0/build/CMakeFiles/CMakeTmp/CMakeFiles 1
Building C object CMakeFiles/cmTryCompileExec2104685811.dir/CheckSymbolExists.c.o
/usr/bin/cc    -o CMakeFiles/cmTryCompileExec2104685811.dir/CheckSymbolExists.c.o   -c /home/joe/downloads/gtest-1.7.0/build/CMakeFiles/CMakeTmp/CheckSymbolExists.c
Linking C executable cmTryCompileExec2104685811
/usr/bin/cmake -E cmake_link_script CMakeFiles/cmTryCompileExec2104685811.dir/link.txt --verbose=1
/usr/bin/cc       CMakeFiles/cmTryCompileExec2104685811.dir/CheckSymbolExists.c.o  -o cmTryCompileExec2104685811 -rdynamic 
CMakeFiles/cmTryCompileExec2104685811.dir/CheckSymbolExists.c.o: In function `main':
CheckSymbolExists.c:(.text+0x16): undefined reference to `pthread_create'
collect2: error: ld returned 1 exit status
CMakeFiles/cmTryCompileExec2104685811.dir/build.make:88: recipe for target 'cmTryCompileExec2104685811' failed
make[1]: *** [cmTryCompileExec2104685811] Error 1
make[1]: Leaving directory '/home/joe/downloads/gtest-1.7.0/build/CMakeFiles/CMakeTmp'
Makefile:114: recipe for target 'cmTryCompileExec2104685811/fast' failed
make: *** [cmTryCompileExec2104685811/fast] Error 2

File /home/joe/downloads/gtest-1.7.0/build/CMakeFiles/CMakeTmp/CheckSymbolExists.c:
/* */
#include <pthread.h>

int main(int argc, char** argv)
{
  (void)argv;
#ifndef pthread_create
  return ((int*)(&pthread_create))[argc];
#else
  (void)argc;
  return 0;
#endif
}

Determining if the function pthread_create exists in the pthreads failed with the following output:
Change Dir: /home/joe/downloads/gtest-1.7.0/build/CMakeFiles/CMakeTmp

Run Build Command:/usr/bin/make "cmTryCompileExec1147944535/fast"
/usr/bin/make -f CMakeFiles/cmTryCompileExec1147944535.dir/build.make CMakeFiles/cmTryCompileExec1147944535.dir/build
make[1]: Entering directory '/home/joe/downloads/gtest-1.7.0/build/CMakeFiles/CMakeTmp'
/usr/bin/cmake -E cmake_progress_report /home/joe/downloads/gtest-1.7.0/build/CMakeFiles/CMakeTmp/CMakeFiles 1
Building C object CMakeFiles/cmTryCompileExec1147944535.dir/CheckFunctionExists.c.o
/usr/bin/cc   -DCHECK_FUNCTION_EXISTS=pthread_create   -o CMakeFiles/cmTryCompileExec1147944535.dir/CheckFunctionExists.c.o   -c /usr/share/cmake-2.8/Modules/CheckFunctionExists.c
Linking C executable cmTryCompileExec1147944535
/usr/bin/cmake -E cmake_link_script CMakeFiles/cmTryCompileExec1147944535.dir/link.txt --verbose=1
/usr/bin/cc   -DCHECK_FUNCTION_EXISTS=pthread_create    CMakeFiles/cmTryCompileExec1147944535.dir/CheckFunctionExists.c.o  -o cmTryCompileExec1147944535 -rdynamic -lpthreads 
/usr/bin/ld: cannot find -lpthreads
collect2: error: ld returned 1 exit status
CMakeFiles/cmTryCompileExec1147944535.dir/build.make:88: recipe for target 'cmTryCompileExec1147944535' failed
make[1]: Leaving directory '/home/joe/downloads/gtest-1.7.0/build/CMakeFiles/CMakeTmp'
make[1]: *** [cmTryCompileExec1147944535] Error 1
Makefile:114: recipe for target 'cmTryCompileExec1147944535/fast' failed
make: *** [cmTryCompileExec1147944535/fast] Error 2


